<?xml version="1.0" encoding="UTF-8"?>
<!-- Generated by org.testng.reporters.JUnitReportReporter -->
<testsuite skipped="1" hostname="DESKTOP-BSR4KSA" name="api.test.DDTests" tests="4" failures="0" timestamp="2022-12-13T22:35:40 CST" time="3.347" errors="0">
  <testcase name="testPostUserl" time="0.350" classname="api.test.DDTests"/>
  <testcase name="testPostUserl" time="2.643" classname="api.test.DDTests"/>
  <testcase name="testPostUserl" time="0.354" classname="api.test.DDTests"/>
  <testcase name="testDeleteUserByName" time="0.000" classname="api.test.DDTests">
    <skipped/>
  </testcase> <!-- testDeleteUserByName -->
</testsuite> <!-- api.test.DDTests -->
