<?xml version="1.0" encoding="UTF-8"?>
<!-- Generated by org.testng.reporters.JUnitReportReporter -->
<testsuite skipped="0" hostname="DESKTOP-BSR4KSA" name="api.Test2.DDTests" tests="6" failures="0" timestamp="2023-01-24T06:13:55 CST" time="6.727" errors="0">
  <testcase name="testPostUser" time="1.126" classname="api.Test2.DDTests"/>
  <testcase name="testPostUser" time="3.399" classname="api.Test2.DDTests"/>
  <testcase name="testPostUser" time="1.115" classname="api.Test2.DDTests"/>
  <testcase name="testDeleteUserByName" time="0.359" classname="api.Test2.DDTests"/>
  <testcase name="testDeleteUserByName" time="0.374" classname="api.Test2.DDTests"/>
  <testcase name="testDeleteUserByName" time="0.354" classname="api.Test2.DDTests"/>
</testsuite> <!-- api.Test2.DDTests -->
