<?xml version="1.0" encoding="UTF-8"?>
<!-- Generated by org.testng.reporters.JUnitReportReporter -->
<testsuite skipped="0" hostname="DESKTOP-BSR4KSA" name="api.test.UserTests" tests="3" failures="0" timestamp="2022-12-13T19:27:07 CST" time="3.709" errors="0">
  <testcase name="testPostUser" time="2.493" classname="api.test.UserTests"/>
  <testcase name="testGetUserByName" time="0.381" classname="api.test.UserTests"/>
  <testcase name="testUpdateUserByName" time="0.835" classname="api.test.UserTests"/>
</testsuite> <!-- api.test.UserTests -->
