<?xml version="1.0" encoding="UTF-8"?>
<!-- Generated by org.testng.reporters.JUnitReportReporter -->
<testsuite skipped="0" hostname="DESKTOP-BSR4KSA" name="api.Test2.UserTests" tests="4" failures="0" timestamp="2023-01-24T20:48:50 CST" time="4.288" errors="0">
  <testcase name="testPostUser" time="2.667" classname="api.Test2.UserTests"/>
  <testcase name="testGetUserByName" time="0.451" classname="api.Test2.UserTests"/>
  <testcase name="updataeUserByName" time="0.768" classname="api.Test2.UserTests"/>
  <testcase name="testDeleteUserByName" time="0.402" classname="api.Test2.UserTests"/>
</testsuite> <!-- api.Test2.UserTests -->
