<?xml version="1.0" encoding="UTF-8"?>
<!-- Generated by org.testng.reporters.JUnitReportReporter -->
<testsuite skipped="0" hostname="DESKTOP-BSR4KSA" name="api.Test2.DDTests" tests="6" failures="0" timestamp="2023-01-25T06:34:43 CST" time="6.415" errors="0">
  <testcase name="testPostUser" time="1.155" classname="api.Test2.DDTests"/>
  <testcase name="testPostUser" time="0.907" classname="api.Test2.DDTests"/>
  <testcase name="testPostUser" time="3.172" classname="api.Test2.DDTests"/>
  <testcase name="testDeleteUserByName" time="0.359" classname="api.Test2.DDTests"/>
  <testcase name="testDeleteUserByName" time="0.353" classname="api.Test2.DDTests"/>
  <testcase name="testDeleteUserByName" time="0.469" classname="api.Test2.DDTests"/>
</testsuite> <!-- api.Test2.DDTests -->
