<?xml version="1.0" encoding="UTF-8"?>
<!-- Generated by org.testng.reporters.JUnitReportReporter -->
<testsuite skipped="0" hostname="DESKTOP-BSR4KSA" name="api.Test2.UserTests" tests="4" failures="0" timestamp="2023-01-25T06:34:43 CST" time="2.052" errors="0">
  <testcase name="testPostUser" time="0.386" classname="api.Test2.UserTests"/>
  <testcase name="testGetUserByName" time="0.361" classname="api.Test2.UserTests"/>
  <testcase name="updataeUserByName" time="0.943" classname="api.Test2.UserTests"/>
  <testcase name="testDeleteUserByName" time="0.362" classname="api.Test2.UserTests"/>
</testsuite> <!-- api.Test2.UserTests -->
